[2026-03-22 09:05:11.101010] USER: admin ACTION: CREATED MEMBER 16 (username: dr_sharma, type: Doctor)
[2026-03-22 09:07:44.223344] USER: admin ACTION: CREATED MEMBER 17 (username: nurse_priya, type: Staff)
[2026-03-22 09:12:04.112233] USER: admin ACTION: CREATED APPOINTMENT 12
[2026-03-22 09:14:22.334455] USER: admin ACTION: CREATED APPOINTMENT 13
[2026-03-22 09:16:09.445566] USER: admin ACTION: CREATED MEDICINE 11 (name: Dolo 650, qty: 300)
[2026-03-22 09:18:45.556677] USER: amit ACTION: CREATED APPOINTMENT 14
[2026-03-22 09:20:33.667788] USER: amit ACTION: UPDATED APPOINTMENT 14
[2026-03-22 09:22:11.778899] USER: amit ACTION: UNAUTHORIZED UPDATE ATTEMPT: Appointment 2
[2026-03-22 09:23:55.889900] USER: amit ACTION: UNAUTHORIZED DELETE ATTEMPT: Appointment 3
[2026-03-22 09:25:33.990011] USER: admin ACTION: UPDATED MEDICINE 11
[2026-03-22 09:28:47.001122] USER: admin ACTION: DELETED MEMBER 16 (name: Dr. Sharma)
[2026-03-22 09:31:02.112233] USER: admin ACTION: DELETED APPOINTMENT 12
[2026-03-22 10:05:15.221133] USER: amit ACTION: UNAUTHORIZED ACCESS ATTEMPT: Portfolio 3
[2026-03-22 10:12:44.332244] USER: admin ACTION: CREATED MEMBER 18 (username: patient_rahul2, type: Patient)
[2026-03-22 10:18:30.443355] USER: admin ACTION: UPDATED MEDICINE 3
[2026-03-22 10:22:19.554466] USER: admin ACTION: DELETED MEDICINE 11 (name: Dolo 650)
[2026-03-22 14:55:10.665577] USER: amit ACTION: CREATED APPOINTMENT 15
[2026-03-22 15:09:24.292064] USER: amit ACTION: CREATED APPOINTMENT 15
[2026-03-22 16:11:29.915849] USER: amit ACTION: CREATED APPOINTMENT 16
[2026-03-22 16:27:04.084484] USER: admin ACTION: CREATED MEMBER 17 (username: sharma, type: Doctor)
